2026-01-09 12:03:19,947 - INFO - Succesfully read the YAML file
2026-01-09 12:03:19,947 - INFO - Data Ingestion Started
2026-01-09 12:03:19,947 - INFO - Starting Data Ingestion Process....
2026-01-09 12:03:31,990 - ERROR - Error while downloading data from GCP
2026-01-09 12:03:31,991 - INFO - Data Ingestion DONE...
2026-01-09 12:05:22,788 - INFO - Succesfully read the YAML file
2026-01-09 12:05:22,788 - INFO - Data Ingestion Started
2026-01-09 12:05:22,788 - INFO - Starting Data Ingestion Process....
2026-01-09 12:05:34,751 - ERROR - Error while downloading data from GCP
2026-01-09 12:05:34,752 - ERROR - CustomException : Error in /home/johan1704/Bureau/course_ops/mlops/project_2/src/data_ingestion.py , line 24 : Failed to download 
2026-01-09 12:05:34,752 - INFO - Data Ingestion DONE...
2026-01-09 12:15:34,902 - INFO - Succesfully read the YAML file
2026-01-09 12:15:34,902 - INFO - Data Ingestion Started
2026-01-09 12:15:34,902 - INFO - Starting Data Ingestion Process....
2026-01-09 12:15:46,892 - ERROR - Error while downloading data from GCP
2026-01-09 12:15:46,892 - ERROR - CustomException : Error in /home/johan1704/Bureau/course_ops/mlops/project_2/src/data_ingestion.py , line 24 : Failed to download 
2026-01-09 12:15:46,892 - INFO - Data Ingestion DONE...
2026-01-09 12:25:40,734 - INFO - Succesfully read the YAML file
2026-01-09 12:25:40,734 - INFO - Data Ingestion Started
2026-01-09 12:25:40,734 - INFO - Starting Data Ingestion Process....
2026-01-09 12:25:45,335 - INFO - Downloading smaller files ie anime and anime with synopsis
2026-01-09 12:41:04,196 - INFO - Large file detected Only downloading 5M rows
2026-01-09 12:41:10,131 - INFO - Downloading smaller files ie anime and anime with synopsis
2026-01-09 12:41:10,136 - INFO - Data Ingestion completed ...
2026-01-09 12:41:10,137 - INFO - Data Ingestion DONE...
